

Microchip MPLAB XC8 Assembler V2.10 build 88905656 
                                                                                               Mon Feb 17 11:05:48 2020

Microchip MPLAB XC8 C Compiler v2.10 (Free license) build 20190730164152 Og1 
     1                           	processor	16F887
     2                           	opt	pw 120
     3                           	opt	flic
     4                           	psect	cinit,global,class=CODE,merge=1,delta=2
     5                           	psect	cstackCOMMON,global,class=COMMON,space=1,delta=1
     6                           	psect	cstackBANK0,global,class=BANK0,space=1,delta=1
     7                           	psect	maintext,global,class=CODE,split=1,delta=2
     8                           	psect	text1,local,class=CODE,merge=1,delta=2
     9                           	psect	text2,local,class=CODE,merge=1,delta=2
    10                           	psect	text3,local,class=CODE,merge=1,delta=2,group=1
    11                           	psect	text4,local,class=CODE,merge=1,delta=2
    12                           	psect	text5,local,class=CODE,merge=1,delta=2
    13                           	psect	text6,local,class=CODE,merge=1,delta=2
    14                           	psect	text7,local,class=CODE,merge=1,delta=2
    15                           	psect	text8,local,class=CODE,merge=1,delta=2
    16                           	dabs	1,0x7E,2
    17  0000                     
    18                           ; Version 2.10
    19                           ; Generated 31/07/2019 GMT
    20                           ; 
    21                           ; Copyright © 2019, Microchip Technology Inc. and its subsidiaries ("Microchip")
    22                           ; All rights reserved.
    23                           ; 
    24                           ; This software is developed by Microchip Technology Inc. and its subsidiaries ("Microch
      +                          ip").
    25                           ; 
    26                           ; Redistribution and use in source and binary forms, with or without modification, are
    27                           ; permitted provided that the following conditions are met:
    28                           ; 
    29                           ;     1. Redistributions of source code must retain the above copyright notice, this lis
      +                          t of
    30                           ;        conditions and the following disclaimer.
    31                           ; 
    32                           ;     2. Redistributions in binary form must reproduce the above copyright notice, this 
      +                          list
    33                           ;        of conditions and the following disclaimer in the documentation and/or other
    34                           ;        materials provided with the distribution.
    35                           ; 
    36                           ;     3. Microchip's name may not be used to endorse or promote products derived from th
      +                          is
    37                           ;        software without specific prior written permission.
    38                           ; 
    39                           ; THIS SOFTWARE IS PROVIDED BY MICROCHIP "AS IS" AND ANY EXPRESS OR IMPLIED WARRANTIES,
    40                           ; INCLUDING, BUT NOT LIMITED TO, THE IMPLIED WARRANTIES OF MERCHANTABILITY AND FITNESS F
      +                          OR
    41                           ; PURPOSE ARE DISCLAIMED.  IN NO EVENT SHALL MICROCHIP BE LIABLE FOR ANY DIRECT, INDIREC
      +                          T,
    42                           ; INCIDENTAL, SPECIAL, EXEMPLARY, OR CONSEQUENTIAL DAMAGES (INCLUDING BUT NOT LIMITED TO
    43                           ; PROCUREMENT OF SUBSTITUTE GOODS OR SERVICES; LOSS OF USE, DATA OR PROFITS; OR BUSINESS
    44                           ; INTERRUPTION) HOWSOEVER CAUSED AND ON ANY THEORY OF LIABILITY, WHETHER IN CONTRACT, ST
      +                          RICT
    45                           ; LIABILITY, OR TORT (INCLUDING NEGLIGENCE OR OTHERWISE) ARISING IN ANY WAY OUT OF THE U
      +                          SE OF
    46                           ; THIS SOFTWARE, EVEN IF ADVISED OF THE POSSIBILITY OF SUCH DAMAGE.
    47                           ; 
    48                           ; 
    49                           ; Code-generator required, PIC16F887 Definitions
    50                           ; 
    51                           ; SFR Addresses
    52  0000                     	;# 
    53  0001                     	;# 
    54  0002                     	;# 
    55  0003                     	;# 
    56  0004                     	;# 
    57  0005                     	;# 
    58  0006                     	;# 
    59  0007                     	;# 
    60  0008                     	;# 
    61  0009                     	;# 
    62  000A                     	;# 
    63  000B                     	;# 
    64  000C                     	;# 
    65  000D                     	;# 
    66  000E                     	;# 
    67  000E                     	;# 
    68  000F                     	;# 
    69  0010                     	;# 
    70  0011                     	;# 
    71  0012                     	;# 
    72  0013                     	;# 
    73  0014                     	;# 
    74  0015                     	;# 
    75  0015                     	;# 
    76  0016                     	;# 
    77  0017                     	;# 
    78  0018                     	;# 
    79  0019                     	;# 
    80  001A                     	;# 
    81  001B                     	;# 
    82  001B                     	;# 
    83  001C                     	;# 
    84  001D                     	;# 
    85  001E                     	;# 
    86  001F                     	;# 
    87  0081                     	;# 
    88  0085                     	;# 
    89  0086                     	;# 
    90  0087                     	;# 
    91  0088                     	;# 
    92  0089                     	;# 
    93  008C                     	;# 
    94  008D                     	;# 
    95  008E                     	;# 
    96  008F                     	;# 
    97  0090                     	;# 
    98  0091                     	;# 
    99  0092                     	;# 
   100  0093                     	;# 
   101  0093                     	;# 
   102  0093                     	;# 
   103  0094                     	;# 
   104  0095                     	;# 
   105  0096                     	;# 
   106  0097                     	;# 
   107  0098                     	;# 
   108  0099                     	;# 
   109  009A                     	;# 
   110  009B                     	;# 
   111  009C                     	;# 
   112  009D                     	;# 
   113  009E                     	;# 
   114  009F                     	;# 
   115  0105                     	;# 
   116  0107                     	;# 
   117  0108                     	;# 
   118  0109                     	;# 
   119  010C                     	;# 
   120  010C                     	;# 
   121  010D                     	;# 
   122  010E                     	;# 
   123  010F                     	;# 
   124  0185                     	;# 
   125  0187                     	;# 
   126  0188                     	;# 
   127  0189                     	;# 
   128  018C                     	;# 
   129  018D                     	;# 
   130  0000                     	;# 
   131  0001                     	;# 
   132  0002                     	;# 
   133  0003                     	;# 
   134  0004                     	;# 
   135  0005                     	;# 
   136  0006                     	;# 
   137  0007                     	;# 
   138  0008                     	;# 
   139  0009                     	;# 
   140  000A                     	;# 
   141  000B                     	;# 
   142  000C                     	;# 
   143  000D                     	;# 
   144  000E                     	;# 
   145  000E                     	;# 
   146  000F                     	;# 
   147  0010                     	;# 
   148  0011                     	;# 
   149  0012                     	;# 
   150  0013                     	;# 
   151  0014                     	;# 
   152  0015                     	;# 
   153  0015                     	;# 
   154  0016                     	;# 
   155  0017                     	;# 
   156  0018                     	;# 
   157  0019                     	;# 
   158  001A                     	;# 
   159  001B                     	;# 
   160  001B                     	;# 
   161  001C                     	;# 
   162  001D                     	;# 
   163  001E                     	;# 
   164  001F                     	;# 
   165  0081                     	;# 
   166  0085                     	;# 
   167  0086                     	;# 
   168  0087                     	;# 
   169  0088                     	;# 
   170  0089                     	;# 
   171  008C                     	;# 
   172  008D                     	;# 
   173  008E                     	;# 
   174  008F                     	;# 
   175  0090                     	;# 
   176  0091                     	;# 
   177  0092                     	;# 
   178  0093                     	;# 
   179  0093                     	;# 
   180  0093                     	;# 
   181  0094                     	;# 
   182  0095                     	;# 
   183  0096                     	;# 
   184  0097                     	;# 
   185  0098                     	;# 
   186  0099                     	;# 
   187  009A                     	;# 
   188  009B                     	;# 
   189  009C                     	;# 
   190  009D                     	;# 
   191  009E                     	;# 
   192  009F                     	;# 
   193  0105                     	;# 
   194  0107                     	;# 
   195  0108                     	;# 
   196  0109                     	;# 
   197  010C                     	;# 
   198  010C                     	;# 
   199  010D                     	;# 
   200  010E                     	;# 
   201  010F                     	;# 
   202  0185                     	;# 
   203  0187                     	;# 
   204  0188                     	;# 
   205  0189                     	;# 
   206  018C                     	;# 
   207  018D                     	;# 
   208  0000                     	;# 
   209  0001                     	;# 
   210  0002                     	;# 
   211  0003                     	;# 
   212  0004                     	;# 
   213  0005                     	;# 
   214  0006                     	;# 
   215  0007                     	;# 
   216  0008                     	;# 
   217  0009                     	;# 
   218  000A                     	;# 
   219  000B                     	;# 
   220  000C                     	;# 
   221  000D                     	;# 
   222  000E                     	;# 
   223  000E                     	;# 
   224  000F                     	;# 
   225  0010                     	;# 
   226  0011                     	;# 
   227  0012                     	;# 
   228  0013                     	;# 
   229  0014                     	;# 
   230  0015                     	;# 
   231  0015                     	;# 
   232  0016                     	;# 
   233  0017                     	;# 
   234  0018                     	;# 
   235  0019                     	;# 
   236  001A                     	;# 
   237  001B                     	;# 
   238  001B                     	;# 
   239  001C                     	;# 
   240  001D                     	;# 
   241  001E                     	;# 
   242  001F                     	;# 
   243  0081                     	;# 
   244  0085                     	;# 
   245  0086                     	;# 
   246  0087                     	;# 
   247  0088                     	;# 
   248  0089                     	;# 
   249  008C                     	;# 
   250  008D                     	;# 
   251  008E                     	;# 
   252  008F                     	;# 
   253  0090                     	;# 
   254  0091                     	;# 
   255  0092                     	;# 
   256  0093                     	;# 
   257  0093                     	;# 
   258  0093                     	;# 
   259  0094                     	;# 
   260  0095                     	;# 
   261  0096                     	;# 
   262  0097                     	;# 
   263  0098                     	;# 
   264  0099                     	;# 
   265  009A                     	;# 
   266  009B                     	;# 
   267  009C                     	;# 
   268  009D                     	;# 
   269  009E                     	;# 
   270  009F                     	;# 
   271  0105                     	;# 
   272  0107                     	;# 
   273  0108                     	;# 
   274  0109                     	;# 
   275  010C                     	;# 
   276  010C                     	;# 
   277  010D                     	;# 
   278  010E                     	;# 
   279  010F                     	;# 
   280  0185                     	;# 
   281  0187                     	;# 
   282  0188                     	;# 
   283  0189                     	;# 
   284  018C                     	;# 
   285  018D                     	;# 
   286  0013                     _SSPBUF	set	19
   287  0014                     _SSPCON	set	20
   288  0008                     _PORTD	set	8
   289  0006                     _PORTB	set	6
   290  0063                     _SSPIF	set	99
   291  005E                     _PEIE	set	94
   292  005F                     _GIE	set	95
   293  0091                     _SSPCON2bits	set	145
   294  0094                     _SSPSTAT	set	148
   295  0093                     _SSPADD	set	147
   296  0091                     _SSPCON2	set	145
   297  0088                     _TRISD	set	136
   298  0086                     _TRISB	set	134
   299  0463                     _SSPIE	set	1123
   300  048B                     _RCEN	set	1163
   301  043C                     _TRISC4	set	1084
   302  043B                     _TRISC3	set	1083
   303  0189                     _ANSELH	set	393
   304  0188                     _ANSEL	set	392
   305                           
   306                           ; #config settings
   307  0000                     
   308                           	psect	cinit
   309  07FC                     start_initialization:	
   310  07FC                     __initialization:	
   311  07FC                     end_of_initialization:	
   312                           ;End of C runtime variable initialization code
   313                           
   314  07FC                     __end_of__initialization:	
   315  07FC  0183               	clrf	3
   316  07FD  120A  118A  2F8F   	ljmp	_main	;jump to C main() function
   317                           
   318                           	psect	cstackCOMMON
   319  0070                     __pcstackCOMMON:	
   320  0070                     ?_setup:	
   321  0070                     ?_I2C_Master_Start:	
   322                           ; 1 bytes @ 0x0
   323                           
   324  0070                     ??_I2C_Master_Start:	
   325                           ; 1 bytes @ 0x0
   326                           
   327  0070                     ?_I2C_Master_Write:	
   328                           ; 1 bytes @ 0x0
   329                           
   330  0070                     ?_I2C_Master_Stop:	
   331                           ; 1 bytes @ 0x0
   332                           
   333  0070                     ??_I2C_Master_Stop:	
   334                           ; 1 bytes @ 0x0
   335                           
   336  0070                     ?_main:	
   337                           ; 1 bytes @ 0x0
   338                           
   339  0070                     ?_I2C_Master_Wait:	
   340                           ; 1 bytes @ 0x0
   341                           
   342  0070                     ??_I2C_Master_Wait:	
   343                           ; 1 bytes @ 0x0
   344                           
   345  0070                     ?_I2C_Master_Read:	
   346                           ; 1 bytes @ 0x0
   347                           
   348  0070                     ?___lldiv:	
   349                           ; 2 bytes @ 0x0
   350                           
   351  0070                     I2C_Master_Write@d:	
   352                           ; 4 bytes @ 0x0
   353                           
   354  0070                     I2C_Master_Read@a:	
   355                           ; 2 bytes @ 0x0
   356                           
   357  0070                     ___lldiv@divisor:	
   358                           ; 2 bytes @ 0x0
   359                           
   360                           
   361                           ; 4 bytes @ 0x0
   362  0070                     	ds	2
   363  0072                     ??_I2C_Master_Write:	
   364  0072                     ??_I2C_Master_Read:	
   365                           ; 1 bytes @ 0x2
   366                           
   367                           
   368                           ; 1 bytes @ 0x2
   369  0072                     	ds	2
   370  0074                     I2C_Master_Read@temp:	
   371  0074                     ___lldiv@dividend:	
   372                           ; 2 bytes @ 0x4
   373                           
   374                           
   375                           ; 4 bytes @ 0x4
   376  0074                     	ds	4
   377  0078                     ??___lldiv:	
   378                           
   379                           ; 1 bytes @ 0x8
   380  0078                     	ds	1
   381  0079                     ___lldiv@quotient:	
   382                           
   383                           ; 4 bytes @ 0x9
   384  0079                     	ds	4
   385  007D                     ___lldiv@counter:	
   386                           
   387                           ; 1 bytes @ 0xD
   388  007D                     	ds	1
   389  007E                     ??_setup:	
   390                           
   391                           	psect	cstackBANK0
   392  0020                     __pcstackBANK0:	
   393                           ; 1 bytes @ 0xE
   394                           
   395  0020                     ?_I2C_Master_Init:	
   396  0020                     I2C_Master_Init@c:	
   397                           ; 1 bytes @ 0x0
   398                           
   399                           
   400                           ; 4 bytes @ 0x0
   401  0020                     	ds	4
   402  0024                     ??_I2C_Master_Init:	
   403                           
   404                           ; 1 bytes @ 0x4
   405  0024                     	ds	4
   406  0028                     ??_main:	
   407                           
   408                           ; 1 bytes @ 0x8
   409  0028                     	ds	3
   410                           
   411                           	psect	maintext
   412  078F                     __pmaintext:	
   413 ;;
   414 ;;Main: autosize = 0, tempsize = 3, incstack = 0, save=0
   415 ;;
   416 ;; *************** function _main *****************
   417 ;; Defined at:
   418 ;;		line 50 in file "main.c"
   419 ;; Parameters:    Size  Location     Type
   420 ;;		None
   421 ;; Auto vars:     Size  Location     Type
   422 ;;		None
   423 ;; Return value:  Size  Location     Type
   424 ;;                  1    wreg      void 
   425 ;; Registers used:
   426 ;;		wreg, status,2, status,0, pclath, cstack
   427 ;; Tracked objects:
   428 ;;		On entry : B00/0
   429 ;;		On exit  : 0/0
   430 ;;		Unchanged: 0/0
   431 ;; Data sizes:     COMMON   BANK0   BANK1   BANK3   BANK2
   432 ;;      Params:         0       0       0       0       0
   433 ;;      Locals:         0       0       0       0       0
   434 ;;      Temps:          0       3       0       0       0
   435 ;;      Totals:         0       3       0       0       0
   436 ;;Total ram usage:        3 bytes
   437 ;; Hardware stack levels required when called:    3
   438 ;; This function calls:
   439 ;;		_I2C_Master_Read
   440 ;;		_I2C_Master_Start
   441 ;;		_I2C_Master_Stop
   442 ;;		_I2C_Master_Write
   443 ;;		_setup
   444 ;; This function is called by:
   445 ;;		Startup code after reset
   446 ;; This function uses a non-reentrant model
   447 ;;
   448                           
   449                           
   450                           ;psect for function _main
   451  078F                     _main:	
   452  078F                     l850:	
   453                           ;incstack = 0
   454                           ; Regs used in _main: [wreg+status,2+status,0+pclath+cstack]
   455                           
   456                           
   457                           ;main.c: 51:     setup();
   458  078F  120A  118A  26A9  120A  118A  	fcall	_setup
   459  0794                     l31:	
   460                           ;main.c: 52:     while(1){
   461                           
   462                           
   463                           ;main.c: 53:         I2C_Master_Start();
   464  0794  120A  118A  2680  120A  118A  	fcall	_I2C_Master_Start
   465                           
   466                           ;main.c: 54:         I2C_Master_Write(0x50);
   467  0799  3050               	movlw	80
   468  079A  00F0               	movwf	I2C_Master_Write@d
   469  079B  3000               	movlw	0
   470  079C  00F1               	movwf	I2C_Master_Write@d+1
   471  079D  120A  118A  2692  120A  118A  	fcall	_I2C_Master_Write
   472                           
   473                           ;main.c: 55:         I2C_Master_Write(PORTB);
   474  07A2  1283               	bcf	3,5	;RP0=0, select bank0
   475  07A3  1303               	bcf	3,6	;RP1=0, select bank0
   476  07A4  0806               	movf	6,w	;volatile
   477  07A5  00A8               	movwf	??_main
   478  07A6  01A9               	clrf	??_main+1
   479  07A7  0828               	movf	??_main,w
   480  07A8  00F0               	movwf	I2C_Master_Write@d
   481  07A9  0829               	movf	??_main+1,w
   482  07AA  00F1               	movwf	I2C_Master_Write@d+1
   483  07AB  120A  118A  2692  120A  118A  	fcall	_I2C_Master_Write
   484                           
   485                           ;main.c: 56:         I2C_Master_Stop();
   486  07B0  120A  118A  2689  120A  118A  	fcall	_I2C_Master_Stop
   487  07B5                     l852:	
   488                           
   489                           ;main.c: 57:         _delay((unsigned long)((200)*(8000000/4000.0)));
   490  07B5  3003               	movlw	3
   491  07B6  1283               	bcf	3,5	;RP0=0, select bank0
   492  07B7  1303               	bcf	3,6	;RP1=0, select bank0
   493  07B8  00AA               	movwf	??_main+2
   494  07B9  3008               	movlw	8
   495  07BA  00A9               	movwf	??_main+1
   496  07BB  3076               	movlw	118
   497  07BC  00A8               	movwf	??_main
   498  07BD                     u217:	
   499  07BD  0BA8               	decfsz	??_main,f
   500  07BE  2FBD               	goto	u217
   501  07BF  0BA9               	decfsz	??_main+1,f
   502  07C0  2FBD               	goto	u217
   503  07C1  0BAA               	decfsz	??_main+2,f
   504  07C2  2FBD               	goto	u217
   505  07C3  0000               	nop
   506  07C4                     l854:	
   507                           
   508                           ;main.c: 59:         I2C_Master_Start();
   509  07C4  120A  118A  2680  120A  118A  	fcall	_I2C_Master_Start
   510  07C9                     l856:	
   511                           
   512                           ;main.c: 60:         I2C_Master_Write(0x51);
   513  07C9  3051               	movlw	81
   514  07CA  00F0               	movwf	I2C_Master_Write@d
   515  07CB  3000               	movlw	0
   516  07CC  00F1               	movwf	I2C_Master_Write@d+1
   517  07CD  120A  118A  2692  120A  118A  	fcall	_I2C_Master_Write
   518  07D2                     l858:	
   519                           
   520                           ;main.c: 61:         PORTD = I2C_Master_Read(0);
   521  07D2  3000               	movlw	0
   522  07D3  00F0               	movwf	I2C_Master_Read@a
   523  07D4  00F1               	movwf	I2C_Master_Read@a+1
   524  07D5  120A  118A  26C3  120A  118A  	fcall	_I2C_Master_Read
   525  07DA  0870               	movf	?_I2C_Master_Read,w
   526  07DB  1283               	bcf	3,5	;RP0=0, select bank0
   527  07DC  1303               	bcf	3,6	;RP1=0, select bank0
   528  07DD  0088               	movwf	8	;volatile
   529  07DE                     l860:	
   530                           
   531                           ;main.c: 62:         I2C_Master_Stop();
   532  07DE  120A  118A  2689  120A  118A  	fcall	_I2C_Master_Stop
   533  07E3                     l862:	
   534                           
   535                           ;main.c: 63:         _delay((unsigned long)((200)*(8000000/4000.0)));
   536  07E3  3003               	movlw	3
   537  07E4  1283               	bcf	3,5	;RP0=0, select bank0
   538  07E5  1303               	bcf	3,6	;RP1=0, select bank0
   539  07E6  00AA               	movwf	??_main+2
   540  07E7  3008               	movlw	8
   541  07E8  00A9               	movwf	??_main+1
   542  07E9  3076               	movlw	118
   543  07EA  00A8               	movwf	??_main
   544  07EB                     u227:	
   545  07EB  0BA8               	decfsz	??_main,f
   546  07EC  2FEB               	goto	u227
   547  07ED  0BA9               	decfsz	??_main+1,f
   548  07EE  2FEB               	goto	u227
   549  07EF  0BAA               	decfsz	??_main+2,f
   550  07F0  2FEB               	goto	u227
   551  07F1  0000               	nop
   552  07F2                     l864:	
   553                           
   554                           ;main.c: 64:         PORTB++;
   555  07F2  3001               	movlw	1
   556  07F3  1283               	bcf	3,5	;RP0=0, select bank0
   557  07F4  1303               	bcf	3,6	;RP1=0, select bank0
   558  07F5  00A8               	movwf	??_main
   559  07F6  0828               	movf	??_main,w
   560  07F7  0786               	addwf	6,f	;volatile
   561  07F8  2F94               	goto	l31
   562  07F9  120A  118A  2800   	ljmp	start
   563  07FC                     __end_of_main:	
   564                           
   565                           	psect	text1
   566  06A9                     __ptext1:	
   567 ;; *************** function _setup *****************
   568 ;; Defined at:
   569 ;;		line 71 in file "main.c"
   570 ;; Parameters:    Size  Location     Type
   571 ;;		None
   572 ;; Auto vars:     Size  Location     Type
   573 ;;		None
   574 ;; Return value:  Size  Location     Type
   575 ;;                  1    wreg      void 
   576 ;; Registers used:
   577 ;;		wreg, status,2, status,0, pclath, cstack
   578 ;; Tracked objects:
   579 ;;		On entry : 0/0
   580 ;;		On exit  : 0/0
   581 ;;		Unchanged: 0/0
   582 ;; Data sizes:     COMMON   BANK0   BANK1   BANK3   BANK2
   583 ;;      Params:         0       0       0       0       0
   584 ;;      Locals:         0       0       0       0       0
   585 ;;      Temps:          0       0       0       0       0
   586 ;;      Totals:         0       0       0       0       0
   587 ;;Total ram usage:        0 bytes
   588 ;; Hardware stack levels used:    1
   589 ;; Hardware stack levels required when called:    2
   590 ;; This function calls:
   591 ;;		_I2C_Master_Init
   592 ;; This function is called by:
   593 ;;		_main
   594 ;; This function uses a non-reentrant model
   595 ;;
   596                           
   597                           
   598                           ;psect for function _setup
   599  06A9                     _setup:	
   600  06A9                     l826:	
   601                           ;incstack = 0
   602                           ; Regs used in _setup: [wreg+status,2+status,0+pclath+cstack]
   603                           
   604                           
   605                           ;main.c: 72:     ANSEL = 0;
   606  06A9  1683               	bsf	3,5	;RP0=1, select bank3
   607  06AA  1703               	bsf	3,6	;RP1=1, select bank3
   608  06AB  0188               	clrf	8	;volatile
   609                           
   610                           ;main.c: 73:     ANSELH = 0;
   611  06AC  0189               	clrf	9	;volatile
   612                           
   613                           ;main.c: 74:     TRISB = 0;
   614  06AD  1683               	bsf	3,5	;RP0=1, select bank1
   615  06AE  1303               	bcf	3,6	;RP1=0, select bank1
   616  06AF  0186               	clrf	6	;volatile
   617                           
   618                           ;main.c: 75:     TRISD = 0;
   619  06B0  0188               	clrf	8	;volatile
   620                           
   621                           ;main.c: 76:     PORTB = 0;
   622  06B1  1283               	bcf	3,5	;RP0=0, select bank0
   623  06B2  1303               	bcf	3,6	;RP1=0, select bank0
   624  06B3  0186               	clrf	6	;volatile
   625                           
   626                           ;main.c: 77:     PORTD = 0;
   627  06B4  0188               	clrf	8	;volatile
   628  06B5                     l828:	
   629                           
   630                           ;main.c: 78:     I2C_Master_Init(100000);
   631  06B5  3000               	movlw	0
   632  06B6  00A3               	movwf	I2C_Master_Init@c+3
   633  06B7  3001               	movlw	1
   634  06B8  00A2               	movwf	I2C_Master_Init@c+2
   635  06B9  3086               	movlw	134
   636  06BA  00A1               	movwf	I2C_Master_Init@c+1
   637  06BB  30A0               	movlw	160
   638  06BC  00A0               	movwf	I2C_Master_Init@c
   639  06BD  120A  118A  26F1  120A  118A  	fcall	_I2C_Master_Init
   640  06C2                     l37:	
   641  06C2  0008               	return
   642  06C3                     __end_of_setup:	
   643                           
   644                           	psect	text2
   645  06F1                     __ptext2:	
   646 ;; *************** function _I2C_Master_Init *****************
   647 ;; Defined at:
   648 ;;		line 16 in file "I2C.c"
   649 ;; Parameters:    Size  Location     Type
   650 ;;  c               4    0[BANK0 ] const unsigned long 
   651 ;; Auto vars:     Size  Location     Type
   652 ;;		None
   653 ;; Return value:  Size  Location     Type
   654 ;;                  1    wreg      void 
   655 ;; Registers used:
   656 ;;		wreg, status,2, status,0, pclath, cstack
   657 ;; Tracked objects:
   658 ;;		On entry : 0/0
   659 ;;		On exit  : 0/0
   660 ;;		Unchanged: 0/0
   661 ;; Data sizes:     COMMON   BANK0   BANK1   BANK3   BANK2
   662 ;;      Params:         0       4       0       0       0
   663 ;;      Locals:         0       0       0       0       0
   664 ;;      Temps:          0       4       0       0       0
   665 ;;      Totals:         0       8       0       0       0
   666 ;;Total ram usage:        8 bytes
   667 ;; Hardware stack levels used:    1
   668 ;; Hardware stack levels required when called:    1
   669 ;; This function calls:
   670 ;;		___lldiv
   671 ;; This function is called by:
   672 ;;		_setup
   673 ;; This function uses a non-reentrant model
   674 ;;
   675                           
   676                           
   677                           ;psect for function _I2C_Master_Init
   678  06F1                     _I2C_Master_Init:	
   679  06F1                     l814:	
   680                           ;incstack = 0
   681                           ; Regs used in _I2C_Master_Init: [wreg+status,2+status,0+pclath+cstack]
   682                           
   683                           
   684                           ;I2C.c: 16: void I2C_Master_Init(const unsigned long c);I2C.c: 17: {;I2C.c: 18:     SSPC
      +                          ON = 0b00101000;
   685  06F1  3028               	movlw	40
   686  06F2  1283               	bcf	3,5	;RP0=0, select bank0
   687  06F3  1303               	bcf	3,6	;RP1=0, select bank0
   688  06F4  0094               	movwf	20	;volatile
   689  06F5                     l816:	
   690                           
   691                           ;I2C.c: 19:     SSPCON2 = 0;
   692  06F5  1683               	bsf	3,5	;RP0=1, select bank1
   693  06F6  1303               	bcf	3,6	;RP1=0, select bank1
   694  06F7  0191               	clrf	17	;volatile
   695  06F8                     l818:	
   696                           
   697                           ;I2C.c: 20:     SSPADD = (8000000/(4*c))-1;
   698  06F8  1283               	bcf	3,5	;RP0=0, select bank0
   699  06F9  1303               	bcf	3,6	;RP1=0, select bank0
   700  06FA  0820               	movf	I2C_Master_Init@c,w
   701  06FB  00A4               	movwf	??_I2C_Master_Init
   702  06FC  0821               	movf	I2C_Master_Init@c+1,w
   703  06FD  00A5               	movwf	??_I2C_Master_Init+1
   704  06FE  0822               	movf	I2C_Master_Init@c+2,w
   705  06FF  00A6               	movwf	??_I2C_Master_Init+2
   706  0700  0823               	movf	I2C_Master_Init@c+3,w
   707  0701  00A7               	movwf	??_I2C_Master_Init+3
   708  0702  3002               	movlw	2
   709  0703                     u195:	
   710  0703  1003               	clrc
   711  0704  0DA4               	rlf	??_I2C_Master_Init,f
   712  0705  0DA5               	rlf	??_I2C_Master_Init+1,f
   713  0706  0DA6               	rlf	??_I2C_Master_Init+2,f
   714  0707  0DA7               	rlf	??_I2C_Master_Init+3,f
   715  0708                     u190:	
   716  0708  3EFF               	addlw	-1
   717  0709  1D03               	skipz
   718  070A  2F03               	goto	u195
   719  070B  0827               	movf	??_I2C_Master_Init+3,w
   720  070C  00F3               	movwf	___lldiv@divisor+3
   721  070D  0826               	movf	??_I2C_Master_Init+2,w
   722  070E  00F2               	movwf	___lldiv@divisor+2
   723  070F  0825               	movf	??_I2C_Master_Init+1,w
   724  0710  00F1               	movwf	___lldiv@divisor+1
   725  0711  0824               	movf	??_I2C_Master_Init,w
   726  0712  00F0               	movwf	___lldiv@divisor
   727  0713  3000               	movlw	0
   728  0714  00F7               	movwf	___lldiv@dividend+3
   729  0715  307A               	movlw	122
   730  0716  00F6               	movwf	___lldiv@dividend+2
   731  0717  3012               	movlw	18
   732  0718  00F5               	movwf	___lldiv@dividend+1
   733  0719  3000               	movlw	0
   734  071A  00F4               	movwf	___lldiv@dividend
   735  071B  120A  118A  2729  120A  118A  	fcall	___lldiv
   736  0720  0870               	movf	?___lldiv,w
   737  0721  3EFF               	addlw	255
   738  0722  1683               	bsf	3,5	;RP0=1, select bank1
   739  0723  1303               	bcf	3,6	;RP1=0, select bank1
   740  0724  0093               	movwf	19	;volatile
   741  0725                     l820:	
   742                           
   743                           ;I2C.c: 21:     SSPSTAT = 0;
   744  0725  0194               	clrf	20	;volatile
   745  0726                     l822:	
   746                           
   747                           ;I2C.c: 22:     TRISC3 = 1;
   748  0726  1587               	bsf	7,3	;volatile
   749  0727                     l824:	
   750                           
   751                           ;I2C.c: 23:     TRISC4 = 1;
   752  0727  1607               	bsf	7,4	;volatile
   753  0728                     l66:	
   754  0728  0008               	return
   755  0729                     __end_of_I2C_Master_Init:	
   756                           
   757                           	psect	text3
   758  0729                     __ptext3:	
   759 ;; *************** function ___lldiv *****************
   760 ;; Defined at:
   761 ;;		line 5 in file "C:\Program Files (x86)\Microchip\xc8\v2.10\pic\sources\c90\common\__lldiv.c"
   762 ;; Parameters:    Size  Location     Type
   763 ;;  divisor         4    0[COMMON] unsigned long 
   764 ;;  dividend        4    4[COMMON] unsigned long 
   765 ;; Auto vars:     Size  Location     Type
   766 ;;  quotient        4    9[COMMON] unsigned long 
   767 ;;  counter         1   13[COMMON] unsigned char 
   768 ;; Return value:  Size  Location     Type
   769 ;;                  4    0[COMMON] unsigned long 
   770 ;; Registers used:
   771 ;;		wreg, status,2, status,0
   772 ;; Tracked objects:
   773 ;;		On entry : 0/0
   774 ;;		On exit  : 0/0
   775 ;;		Unchanged: 0/0
   776 ;; Data sizes:     COMMON   BANK0   BANK1   BANK3   BANK2
   777 ;;      Params:         8       0       0       0       0
   778 ;;      Locals:         5       0       0       0       0
   779 ;;      Temps:          1       0       0       0       0
   780 ;;      Totals:        14       0       0       0       0
   781 ;;Total ram usage:       14 bytes
   782 ;; Hardware stack levels used:    1
   783 ;; This function calls:
   784 ;;		Nothing
   785 ;; This function is called by:
   786 ;;		_I2C_Master_Init
   787 ;; This function uses a non-reentrant model
   788 ;;
   789                           
   790                           
   791                           ;psect for function ___lldiv
   792  0729                     ___lldiv:	
   793  0729                     l790:	
   794                           ;incstack = 0
   795                           ; Regs used in ___lldiv: [wreg+status,2+status,0]
   796                           
   797  0729  3000               	movlw	0
   798  072A  00FC               	movwf	___lldiv@quotient+3
   799  072B  3000               	movlw	0
   800  072C  00FB               	movwf	___lldiv@quotient+2
   801  072D  3000               	movlw	0
   802  072E  00FA               	movwf	___lldiv@quotient+1
   803  072F  3000               	movlw	0
   804  0730  00F9               	movwf	___lldiv@quotient
   805  0731  0873               	movf	___lldiv@divisor+3,w
   806  0732  0472               	iorwf	___lldiv@divisor+2,w
   807  0733  0471               	iorwf	___lldiv@divisor+1,w
   808  0734  0470               	iorwf	___lldiv@divisor,w
   809  0735  1903               	skipnz
   810  0736  2F38               	goto	u121
   811  0737  2F39               	goto	u120
   812  0738                     u121:	
   813  0738  2F86               	goto	l810
   814  0739                     u120:	
   815  0739                     l792:	
   816  0739  01FD               	clrf	___lldiv@counter
   817  073A  0AFD               	incf	___lldiv@counter,f
   818  073B  2F49               	goto	l796
   819  073C                     l794:	
   820  073C  3001               	movlw	1
   821  073D  00F8               	movwf	??___lldiv
   822  073E                     u135:	
   823  073E  1003               	clrc
   824  073F  0DF0               	rlf	___lldiv@divisor,f
   825  0740  0DF1               	rlf	___lldiv@divisor+1,f
   826  0741  0DF2               	rlf	___lldiv@divisor+2,f
   827  0742  0DF3               	rlf	___lldiv@divisor+3,f
   828  0743  0BF8               	decfsz	??___lldiv,f
   829  0744  2F3E               	goto	u135
   830  0745  3001               	movlw	1
   831  0746  00F8               	movwf	??___lldiv
   832  0747  0878               	movf	??___lldiv,w
   833  0748  07FD               	addwf	___lldiv@counter,f
   834  0749                     l796:	
   835  0749  1FF3               	btfss	___lldiv@divisor+3,7
   836  074A  2F4C               	goto	u141
   837  074B  2F4D               	goto	u140
   838  074C                     u141:	
   839  074C  2F3C               	goto	l794
   840  074D                     u140:	
   841  074D                     l798:	
   842  074D  3001               	movlw	1
   843  074E  00F8               	movwf	??___lldiv
   844  074F                     u155:	
   845  074F  1003               	clrc
   846  0750  0DF9               	rlf	___lldiv@quotient,f
   847  0751  0DFA               	rlf	___lldiv@quotient+1,f
   848  0752  0DFB               	rlf	___lldiv@quotient+2,f
   849  0753  0DFC               	rlf	___lldiv@quotient+3,f
   850  0754  0BF8               	decfsz	??___lldiv,f
   851  0755  2F4F               	goto	u155
   852  0756                     l800:	
   853  0756  0873               	movf	___lldiv@divisor+3,w
   854  0757  0277               	subwf	___lldiv@dividend+3,w
   855  0758  1D03               	skipz
   856  0759  2F64               	goto	u165
   857  075A  0872               	movf	___lldiv@divisor+2,w
   858  075B  0276               	subwf	___lldiv@dividend+2,w
   859  075C  1D03               	skipz
   860  075D  2F64               	goto	u165
   861  075E  0871               	movf	___lldiv@divisor+1,w
   862  075F  0275               	subwf	___lldiv@dividend+1,w
   863  0760  1D03               	skipz
   864  0761  2F64               	goto	u165
   865  0762  0870               	movf	___lldiv@divisor,w
   866  0763  0274               	subwf	___lldiv@dividend,w
   867  0764                     u165:	
   868  0764  1C03               	skipc
   869  0765  2F67               	goto	u161
   870  0766  2F68               	goto	u160
   871  0767                     u161:	
   872  0767  2F77               	goto	l806
   873  0768                     u160:	
   874  0768                     l802:	
   875  0768  0870               	movf	___lldiv@divisor,w
   876  0769  02F4               	subwf	___lldiv@dividend,f
   877  076A  0871               	movf	___lldiv@divisor+1,w
   878  076B  1C03               	skipc
   879  076C  0F71               	incfsz	___lldiv@divisor+1,w
   880  076D  02F5               	subwf	___lldiv@dividend+1,f
   881  076E  0872               	movf	___lldiv@divisor+2,w
   882  076F  1C03               	skipc
   883  0770  0F72               	incfsz	___lldiv@divisor+2,w
   884  0771  02F6               	subwf	___lldiv@dividend+2,f
   885  0772  0873               	movf	___lldiv@divisor+3,w
   886  0773  1C03               	skipc
   887  0774  0F73               	incfsz	___lldiv@divisor+3,w
   888  0775  02F7               	subwf	___lldiv@dividend+3,f
   889  0776                     l804:	
   890  0776  1479               	bsf	___lldiv@quotient,0
   891  0777                     l806:	
   892  0777  3001               	movlw	1
   893  0778                     u175:	
   894  0778  1003               	clrc
   895  0779  0CF3               	rrf	___lldiv@divisor+3,f
   896  077A  0CF2               	rrf	___lldiv@divisor+2,f
   897  077B  0CF1               	rrf	___lldiv@divisor+1,f
   898  077C  0CF0               	rrf	___lldiv@divisor,f
   899  077D  3EFF               	addlw	-1
   900  077E  1D03               	skipz
   901  077F  2F78               	goto	u175
   902  0780                     l808:	
   903  0780  3001               	movlw	1
   904  0781  02FD               	subwf	___lldiv@counter,f
   905  0782  1D03               	btfss	3,2
   906  0783  2F85               	goto	u181
   907  0784  2F86               	goto	u180
   908  0785                     u181:	
   909  0785  2F4D               	goto	l798
   910  0786                     u180:	
   911  0786                     l810:	
   912  0786  087C               	movf	___lldiv@quotient+3,w
   913  0787  00F3               	movwf	?___lldiv+3
   914  0788  087B               	movf	___lldiv@quotient+2,w
   915  0789  00F2               	movwf	?___lldiv+2
   916  078A  087A               	movf	___lldiv@quotient+1,w
   917  078B  00F1               	movwf	?___lldiv+1
   918  078C  0879               	movf	___lldiv@quotient,w
   919  078D  00F0               	movwf	?___lldiv
   920  078E                     l214:	
   921  078E  0008               	return
   922  078F                     __end_of___lldiv:	
   923                           
   924                           	psect	text4
   925  0692                     __ptext4:	
   926 ;; *************** function _I2C_Master_Write *****************
   927 ;; Defined at:
   928 ;;		line 65 in file "I2C.c"
   929 ;; Parameters:    Size  Location     Type
   930 ;;  d               2    0[COMMON] unsigned int 
   931 ;; Auto vars:     Size  Location     Type
   932 ;;		None
   933 ;; Return value:  Size  Location     Type
   934 ;;                  1    wreg      void 
   935 ;; Registers used:
   936 ;;		wreg, status,2, status,0, pclath, cstack
   937 ;; Tracked objects:
   938 ;;		On entry : 0/0
   939 ;;		On exit  : 0/0
   940 ;;		Unchanged: 0/0
   941 ;; Data sizes:     COMMON   BANK0   BANK1   BANK3   BANK2
   942 ;;      Params:         2       0       0       0       0
   943 ;;      Locals:         0       0       0       0       0
   944 ;;      Temps:          0       0       0       0       0
   945 ;;      Totals:         2       0       0       0       0
   946 ;;Total ram usage:        2 bytes
   947 ;; Hardware stack levels used:    1
   948 ;; Hardware stack levels required when called:    1
   949 ;; This function calls:
   950 ;;		_I2C_Master_Wait
   951 ;; This function is called by:
   952 ;;		_main
   953 ;; This function uses a non-reentrant model
   954 ;;
   955                           
   956                           
   957                           ;psect for function _I2C_Master_Write
   958  0692                     _I2C_Master_Write:	
   959  0692                     l830:	
   960                           ;incstack = 0
   961                           ; Regs used in _I2C_Master_Write: [wreg+status,2+status,0+pclath+cstack]
   962                           
   963                           
   964                           ;I2C.c: 65: void I2C_Master_Write(unsigned d);I2C.c: 66: {;I2C.c: 67:     I2C_Master_Wai
      +                          t();
   965  0692  120A  118A  269C  120A  118A  	fcall	_I2C_Master_Wait
   966  0697                     l832:	
   967                           
   968                           ;I2C.c: 68:     SSPBUF = d;
   969  0697  0870               	movf	I2C_Master_Write@d,w
   970  0698  1283               	bcf	3,5	;RP0=0, select bank0
   971  0699  1303               	bcf	3,6	;RP1=0, select bank0
   972  069A  0093               	movwf	19	;volatile
   973  069B                     l84:	
   974  069B  0008               	return
   975  069C                     __end_of_I2C_Master_Write:	
   976                           
   977                           	psect	text5
   978  0689                     __ptext5:	
   979 ;; *************** function _I2C_Master_Stop *****************
   980 ;; Defined at:
   981 ;;		line 55 in file "I2C.c"
   982 ;; Parameters:    Size  Location     Type
   983 ;;		None
   984 ;; Auto vars:     Size  Location     Type
   985 ;;		None
   986 ;; Return value:  Size  Location     Type
   987 ;;                  1    wreg      void 
   988 ;; Registers used:
   989 ;;		wreg, status,2, status,0, pclath, cstack
   990 ;; Tracked objects:
   991 ;;		On entry : 0/0
   992 ;;		On exit  : 0/0
   993 ;;		Unchanged: 0/0
   994 ;; Data sizes:     COMMON   BANK0   BANK1   BANK3   BANK2
   995 ;;      Params:         0       0       0       0       0
   996 ;;      Locals:         0       0       0       0       0
   997 ;;      Temps:          0       0       0       0       0
   998 ;;      Totals:         0       0       0       0       0
   999 ;;Total ram usage:        0 bytes
  1000 ;; Hardware stack levels used:    1
  1001 ;; Hardware stack levels required when called:    1
  1002 ;; This function calls:
  1003 ;;		_I2C_Master_Wait
  1004 ;; This function is called by:
  1005 ;;		_main
  1006 ;; This function uses a non-reentrant model
  1007 ;;
  1008                           
  1009                           
  1010                           ;psect for function _I2C_Master_Stop
  1011  0689                     _I2C_Master_Stop:	
  1012  0689                     l736:	
  1013                           ;incstack = 0
  1014                           ; Regs used in _I2C_Master_Stop: [wreg+status,2+status,0+pclath+cstack]
  1015                           
  1016                           
  1017                           ;I2C.c: 57:     I2C_Master_Wait();
  1018  0689  120A  118A  269C  120A  118A  	fcall	_I2C_Master_Wait
  1019  068E                     l738:	
  1020                           
  1021                           ;I2C.c: 58:     SSPCON2bits.PEN = 1;
  1022  068E  1683               	bsf	3,5	;RP0=1, select bank1
  1023  068F  1303               	bcf	3,6	;RP1=0, select bank1
  1024  0690  1511               	bsf	17,2	;volatile
  1025  0691                     l81:	
  1026  0691  0008               	return
  1027  0692                     __end_of_I2C_Master_Stop:	
  1028                           
  1029                           	psect	text6
  1030  0680                     __ptext6:	
  1031 ;; *************** function _I2C_Master_Start *****************
  1032 ;; Defined at:
  1033 ;;		line 39 in file "I2C.c"
  1034 ;; Parameters:    Size  Location     Type
  1035 ;;		None
  1036 ;; Auto vars:     Size  Location     Type
  1037 ;;		None
  1038 ;; Return value:  Size  Location     Type
  1039 ;;                  1    wreg      void 
  1040 ;; Registers used:
  1041 ;;		wreg, status,2, status,0, pclath, cstack
  1042 ;; Tracked objects:
  1043 ;;		On entry : 0/0
  1044 ;;		On exit  : 0/0
  1045 ;;		Unchanged: 0/0
  1046 ;; Data sizes:     COMMON   BANK0   BANK1   BANK3   BANK2
  1047 ;;      Params:         0       0       0       0       0
  1048 ;;      Locals:         0       0       0       0       0
  1049 ;;      Temps:          0       0       0       0       0
  1050 ;;      Totals:         0       0       0       0       0
  1051 ;;Total ram usage:        0 bytes
  1052 ;; Hardware stack levels used:    1
  1053 ;; Hardware stack levels required when called:    1
  1054 ;; This function calls:
  1055 ;;		_I2C_Master_Wait
  1056 ;; This function is called by:
  1057 ;;		_main
  1058 ;; This function uses a non-reentrant model
  1059 ;;
  1060                           
  1061                           
  1062                           ;psect for function _I2C_Master_Start
  1063  0680                     _I2C_Master_Start:	
  1064  0680                     l728:	
  1065                           ;incstack = 0
  1066                           ; Regs used in _I2C_Master_Start: [wreg+status,2+status,0+pclath+cstack]
  1067                           
  1068                           
  1069                           ;I2C.c: 41:     I2C_Master_Wait();
  1070  0680  120A  118A  269C  120A  118A  	fcall	_I2C_Master_Wait
  1071  0685                     l730:	
  1072                           
  1073                           ;I2C.c: 42:     SSPCON2bits.SEN = 1;
  1074  0685  1683               	bsf	3,5	;RP0=1, select bank1
  1075  0686  1303               	bcf	3,6	;RP1=0, select bank1
  1076  0687  1411               	bsf	17,0	;volatile
  1077  0688                     l75:	
  1078  0688  0008               	return
  1079  0689                     __end_of_I2C_Master_Start:	
  1080                           
  1081                           	psect	text7
  1082  06C3                     __ptext7:	
  1083 ;; *************** function _I2C_Master_Read *****************
  1084 ;; Defined at:
  1085 ;;		line 74 in file "I2C.c"
  1086 ;; Parameters:    Size  Location     Type
  1087 ;;  a               2    0[COMMON] unsigned short 
  1088 ;; Auto vars:     Size  Location     Type
  1089 ;;  temp            2    4[COMMON] unsigned short 
  1090 ;; Return value:  Size  Location     Type
  1091 ;;                  2    0[COMMON] unsigned short 
  1092 ;; Registers used:
  1093 ;;		wreg, status,2, status,0, pclath, cstack
  1094 ;; Tracked objects:
  1095 ;;		On entry : 0/0
  1096 ;;		On exit  : 0/0
  1097 ;;		Unchanged: 0/0
  1098 ;; Data sizes:     COMMON   BANK0   BANK1   BANK3   BANK2
  1099 ;;      Params:         2       0       0       0       0
  1100 ;;      Locals:         2       0       0       0       0
  1101 ;;      Temps:          2       0       0       0       0
  1102 ;;      Totals:         6       0       0       0       0
  1103 ;;Total ram usage:        6 bytes
  1104 ;; Hardware stack levels used:    1
  1105 ;; Hardware stack levels required when called:    1
  1106 ;; This function calls:
  1107 ;;		_I2C_Master_Wait
  1108 ;; This function is called by:
  1109 ;;		_main
  1110 ;; This function uses a non-reentrant model
  1111 ;;
  1112                           
  1113                           
  1114                           ;psect for function _I2C_Master_Read
  1115  06C3                     _I2C_Master_Read:	
  1116  06C3                     l834:	
  1117                           ;incstack = 0
  1118                           ; Regs used in _I2C_Master_Read: [wreg+status,2+status,0+pclath+cstack]
  1119                           
  1120                           
  1121                           ;I2C.c: 74: unsigned short I2C_Master_Read(unsigned short a);I2C.c: 75: {;I2C.c: 76:    
      +                           unsigned short temp;;I2C.c: 77:     I2C_Master_Wait();
  1122  06C3  120A  118A  269C  120A  118A  	fcall	_I2C_Master_Wait
  1123  06C8                     l836:	
  1124                           
  1125                           ;I2C.c: 78:     RCEN = 1;
  1126  06C8  1683               	bsf	3,5	;RP0=1, select bank1
  1127  06C9  1303               	bcf	3,6	;RP1=0, select bank1
  1128  06CA  1591               	bsf	17,3	;volatile
  1129                           
  1130                           ;I2C.c: 79:     I2C_Master_Wait();
  1131  06CB  120A  118A  269C  120A  118A  	fcall	_I2C_Master_Wait
  1132  06D0                     l838:	
  1133                           
  1134                           ;I2C.c: 80:     temp = SSPBUF;
  1135  06D0  1283               	bcf	3,5	;RP0=0, select bank0
  1136  06D1  1303               	bcf	3,6	;RP1=0, select bank0
  1137  06D2  0813               	movf	19,w	;volatile
  1138  06D3  00F2               	movwf	??_I2C_Master_Read
  1139  06D4  01F3               	clrf	??_I2C_Master_Read+1
  1140  06D5  0872               	movf	??_I2C_Master_Read,w
  1141  06D6  00F4               	movwf	I2C_Master_Read@temp
  1142  06D7  0873               	movf	??_I2C_Master_Read+1,w
  1143  06D8  00F5               	movwf	I2C_Master_Read@temp+1
  1144  06D9                     l840:	
  1145                           
  1146                           ;I2C.c: 81:     I2C_Master_Wait();
  1147  06D9  120A  118A  269C  120A  118A  	fcall	_I2C_Master_Wait
  1148  06DE                     l842:	
  1149                           
  1150                           ;I2C.c: 82:     if(a == 1){
  1151  06DE  0370               	decf	I2C_Master_Read@a,w
  1152  06DF  0471               	iorwf	I2C_Master_Read@a+1,w
  1153  06E0  1D03               	btfss	3,2
  1154  06E1  2EE3               	goto	u201
  1155  06E2  2EE4               	goto	u200
  1156  06E3                     u201:	
  1157  06E3  2EE8               	goto	l87
  1158  06E4                     u200:	
  1159  06E4                     l844:	
  1160                           
  1161                           ;I2C.c: 83:         SSPCON2bits.ACKDT = 0;
  1162  06E4  1683               	bsf	3,5	;RP0=1, select bank1
  1163  06E5  1303               	bcf	3,6	;RP1=0, select bank1
  1164  06E6  1291               	bcf	17,5	;volatile
  1165                           
  1166                           ;I2C.c: 84:     }else{
  1167  06E7  2EEB               	goto	l88
  1168  06E8                     l87:	
  1169                           
  1170                           ;I2C.c: 85:         SSPCON2bits.ACKDT = 1;
  1171  06E8  1683               	bsf	3,5	;RP0=1, select bank1
  1172  06E9  1303               	bcf	3,6	;RP1=0, select bank1
  1173  06EA  1691               	bsf	17,5	;volatile
  1174  06EB                     l88:	
  1175                           ;I2C.c: 86:     }
  1176                           
  1177                           
  1178                           ;I2C.c: 87:     SSPCON2bits.ACKEN = 1;
  1179  06EB  1611               	bsf	17,4	;volatile
  1180  06EC                     l846:	
  1181                           
  1182                           ;I2C.c: 88:     return temp;
  1183  06EC  0875               	movf	I2C_Master_Read@temp+1,w
  1184  06ED  00F1               	movwf	?_I2C_Master_Read+1
  1185  06EE  0874               	movf	I2C_Master_Read@temp,w
  1186  06EF  00F0               	movwf	?_I2C_Master_Read
  1187  06F0                     l89:	
  1188  06F0  0008               	return
  1189  06F1                     __end_of_I2C_Master_Read:	
  1190                           
  1191                           	psect	text8
  1192  069C                     __ptext8:	
  1193 ;; *************** function _I2C_Master_Wait *****************
  1194 ;; Defined at:
  1195 ;;		line 32 in file "I2C.c"
  1196 ;; Parameters:    Size  Location     Type
  1197 ;;		None
  1198 ;; Auto vars:     Size  Location     Type
  1199 ;;		None
  1200 ;; Return value:  Size  Location     Type
  1201 ;;                  1    wreg      void 
  1202 ;; Registers used:
  1203 ;;		wreg, status,2
  1204 ;; Tracked objects:
  1205 ;;		On entry : 0/0
  1206 ;;		On exit  : 0/0
  1207 ;;		Unchanged: 0/0
  1208 ;; Data sizes:     COMMON   BANK0   BANK1   BANK3   BANK2
  1209 ;;      Params:         0       0       0       0       0
  1210 ;;      Locals:         0       0       0       0       0
  1211 ;;      Temps:          0       0       0       0       0
  1212 ;;      Totals:         0       0       0       0       0
  1213 ;;Total ram usage:        0 bytes
  1214 ;; Hardware stack levels used:    1
  1215 ;; This function calls:
  1216 ;;		Nothing
  1217 ;; This function is called by:
  1218 ;;		_I2C_Master_Start
  1219 ;;		_I2C_Master_Stop
  1220 ;;		_I2C_Master_Write
  1221 ;;		_I2C_Master_Read
  1222 ;;		_I2C_Master_RepeatedStart
  1223 ;; This function uses a non-reentrant model
  1224 ;;
  1225                           
  1226                           
  1227                           ;psect for function _I2C_Master_Wait
  1228  069C                     _I2C_Master_Wait:	
  1229  069C                     l720:	
  1230                           ;incstack = 0
  1231                           ; Regs used in _I2C_Master_Wait: [wreg+status,2]
  1232                           
  1233  069C                     l69:	
  1234                           ;I2C.c: 34:     while ((SSPSTAT & 0x04) || (SSPCON2 & 0x1F));
  1235                           
  1236  069C  1683               	bsf	3,5	;RP0=1, select bank1
  1237  069D  1303               	bcf	3,6	;RP1=0, select bank1
  1238  069E  1914               	btfsc	20,2	;volatile
  1239  069F  2EA1               	goto	u91
  1240  06A0  2EA2               	goto	u90
  1241  06A1                     u91:	
  1242  06A1  2E9C               	goto	l69
  1243  06A2                     u90:	
  1244  06A2                     l722:	
  1245  06A2  0811               	movf	17,w	;volatile
  1246  06A3  391F               	andlw	31
  1247  06A4  1D03               	btfss	3,2
  1248  06A5  2EA7               	goto	u101
  1249  06A6  2EA8               	goto	u100
  1250  06A7                     u101:	
  1251  06A7  2E9C               	goto	l69
  1252  06A8                     u100:	
  1253  06A8                     l72:	
  1254  06A8  0008               	return
  1255  06A9                     __end_of_I2C_Master_Wait:	
  1256  007E                     btemp	set	126	;btemp
  1257  007E                     wtemp0	set	126


Data Sizes:
    Strings     0
    Constant    0
    Data        0
    BSS         0
    Persistent  0
    Stack       0

Auto Spaces:
    Space          Size  Autos    Used
    COMMON           14     14      14
    BANK0            80     11      11
    BANK1            80      0       0
    BANK3            96      0       0
    BANK2            96      0       0

Pointer List with Targets:

    None.

Critical Paths under _main in COMMON

    _I2C_Master_Init->___lldiv

Critical Paths under _main in BANK0

    _setup->_I2C_Master_Init

Critical Paths under _main in BANK1

    None.

Critical Paths under _main in BANK3

    None.

Critical Paths under _main in BANK2

    None.

Call Graph Tables:

 ---------------------------------------------------------------------------------
 (Depth) Function   	        Calls       Base Space   Used Autos Params    Refs
 ---------------------------------------------------------------------------------
 (0) _main                                                 3     3      0     783
                                              8 BANK0      3     3      0
                    _I2C_Master_Read
                   _I2C_Master_Start
                    _I2C_Master_Stop
                   _I2C_Master_Write
                              _setup
 ---------------------------------------------------------------------------------
 (1) _setup                                                0     0      0     412
                    _I2C_Master_Init
 ---------------------------------------------------------------------------------
 (2) _I2C_Master_Init                                      8     4      4     412
                                              0 BANK0      8     4      4
                            ___lldiv
 ---------------------------------------------------------------------------------
 (3) ___lldiv                                             14     6      8     314
                                              0 COMMON    14     6      8
 ---------------------------------------------------------------------------------
 (1) _I2C_Master_Write                                     2     0      2     250
                                              0 COMMON     2     0      2
                    _I2C_Master_Wait
 ---------------------------------------------------------------------------------
 (1) _I2C_Master_Stop                                      0     0      0       0
                    _I2C_Master_Wait
 ---------------------------------------------------------------------------------
 (1) _I2C_Master_Start                                     0     0      0       0
                    _I2C_Master_Wait
 ---------------------------------------------------------------------------------
 (1) _I2C_Master_Read                                      6     4      2     121
                                              0 COMMON     6     4      2
                    _I2C_Master_Wait
 ---------------------------------------------------------------------------------
 (2) _I2C_Master_Wait                                      0     0      0       0
 ---------------------------------------------------------------------------------
 Estimated maximum stack depth 3
 ---------------------------------------------------------------------------------

 Call Graph Graphs:

 _main (ROOT)
   _I2C_Master_Read
     _I2C_Master_Wait
   _I2C_Master_Start
     _I2C_Master_Wait
   _I2C_Master_Stop
     _I2C_Master_Wait
   _I2C_Master_Write
     _I2C_Master_Wait
   _setup
     _I2C_Master_Init
       ___lldiv

 Address spaces:
Name               Size   Autos  Total    Cost      Usage
BITCOMMON            E      0       0       0        0.0%
EEDATA             100      0       0       0        0.0%
NULL                 0      0       0       0        0.0%
CODE                 0      0       0       0        0.0%
COMMON               E      E       E       1      100.0%
BITSFR0              0      0       0       1        0.0%
SFR0                 0      0       0       1        0.0%
BITSFR1              0      0       0       2        0.0%
SFR1                 0      0       0       2        0.0%
STACK                0      0       0       2        0.0%
ABS                  0      0       0       3        0.0%
BITBANK0            50      0       0       4        0.0%
BITSFR3              0      0       0       4        0.0%
SFR3                 0      0       0       4        0.0%
BANK0               50      B       B       5       13.8%
BITSFR2              0      0       0       5        0.0%
SFR2                 0      0       0       5        0.0%
BITBANK1            50      0       0       6        0.0%
BANK1               50      0       0       7        0.0%
BITBANK3            60      0       0       8        0.0%
BANK3               60      0       0       9        0.0%
BITBANK2            60      0       0      10        0.0%
BANK2               60      0       0      11        0.0%
DATA                 0      0       0      12        0.0%


Microchip Technology PIC Macro Assembler V2.10 build 88905656 
Symbol Table                                                                                   Mon Feb 17 11:05:48 2020

              __CFG_CP$OFF 0000                         l31 0794                         l37 06C2  
                       l72 06A8                         l81 0691                         l66 0728  
                       l75 0688                         l84 069B                         l69 069C  
                       l87 06E8                         l88 06EB                         l89 06F0  
                       u90 06A2                         u91 06A1                        l214 078E  
                      l720 069C                        l800 0756                        l722 06A2  
                      l730 0685                        l802 0768                        l810 0786  
                      l804 0776                        l820 0725                        l830 0692  
                      l806 0777                        l822 0726                        l814 06F1  
                      l840 06D9                        l728 0680                        l736 0689  
                      l832 0697                        l808 0780                        l824 0727  
                      l816 06F5                        l842 06DE                        l834 06C3  
                      l738 068E                        l818 06F8                        l826 06A9  
                      l850 078F                        l844 06E4                        l836 06C8  
                      l828 06B5                        l860 07DE                        l852 07B5  
                      l846 06EC                        l838 06D0                        l790 0729  
                      l862 07E3                        l854 07C4                        l792 0739  
                      l864 07F2                        l856 07C9                        l794 073C  
                      l858 07D2                        l796 0749                        l798 074D  
                      _GIE 005F                        u100 06A8                        u101 06A7  
                      u200 06E4                        u120 0739                        u201 06E3  
                      u121 0738                        u140 074D                        u141 074C  
                      u135 073E                        u160 0768                        u161 0767  
                      u217 07BD                        u155 074F                        u227 07EB  
                      u180 0786                        u181 0785                        u165 0764  
                      u190 0708                        u175 0778               __CFG_CPD$OFF 0000  
                      u195 0703               __CFG_LVP$OFF 0000                       _PEIE 005E  
                     _RCEN 048B               __CFG_WRT$OFF 0000                       _main 078F  
                     btemp 007E                       start 0000              __CFG_IESO$OFF 0000  
         ?_I2C_Master_Init 0020           ?_I2C_Master_Read 0070           ?_I2C_Master_Wait 0070  
         ?_I2C_Master_Stop 0070                      ?_main 0070              __CFG_WDTE$OFF 0000  
                    _ANSEL 0188            __end_of___lldiv 078F                      _PORTB 0006  
                    _PORTD 0008                      _TRISB 0086                      _TRISD 0088  
                    _SSPIE 0463                      _SSPIF 0063             __CFG_FCMEN$OFF 0000  
                    _setup 06A9             __CFG_BOREN$OFF 0000                      status 0003  
                    wtemp0 007E             __CFG_MCLRE$OFF 0000            __initialization 07FC  
             __end_of_main 07FC                     ??_main 0028          ?_I2C_Master_Start 0070  
        ?_I2C_Master_Write 0070         ??_I2C_Master_Start 0070         ??_I2C_Master_Write 0072  
                   ?_setup 0070                     _ANSELH 0189                     _SSPADD 0093  
                   _TRISC3 043B                     _TRISC4 043C                     _SSPCON 0014  
                   _SSPBUF 0013             __CFG_PWRTE$OFF 0000                  ??___lldiv 0078  
  __end_of__initialization 07FC             __pcstackCOMMON 0070              __end_of_setup 06C3  
                  ??_setup 007E                 __pmaintext 078F                    _SSPCON2 0091  
                  _SSPSTAT 0094                    ___lldiv 0729                    __ptext1 06A9  
                  __ptext2 06F1                    __ptext3 0729                    __ptext4 0692  
                  __ptext5 0689                    __ptext6 0680                    __ptext7 06C3  
                  __ptext8 069C   __size_of_I2C_Master_Init 0038   __size_of_I2C_Master_Read 002E  
 __size_of_I2C_Master_Wait 000D   __size_of_I2C_Master_Stop 0009       end_of_initialization 07FC  
__size_of_I2C_Master_Start 0009  __size_of_I2C_Master_Write 000A            ___lldiv@divisor 0070  
          ___lldiv@counter 007D           I2C_Master_Init@c 0020           I2C_Master_Read@a 0070  
      start_initialization 07FC          ??_I2C_Master_Init 0024          ??_I2C_Master_Read 0072  
        ??_I2C_Master_Wait 0070          ??_I2C_Master_Stop 0070                  ___latbits 0002  
            __pcstackBANK0 0020           _I2C_Master_Start 0680           _I2C_Master_Write 0692  
                 ?___lldiv 0070             __size_of_setup 001A   __CFG_FOSC$EXTRC_NOCLKOUT 0000  
      I2C_Master_Read@temp 0074           __size_of___lldiv 0066            _I2C_Master_Init 06F1  
          _I2C_Master_Read 06C3            _I2C_Master_Wait 069C            _I2C_Master_Stop 0689  
        __CFG_BOR4V$BOR40V 0000              __size_of_main 006D   __end_of_I2C_Master_Start 0689  
 __end_of_I2C_Master_Write 069C           ___lldiv@dividend 0074    __end_of_I2C_Master_Init 0729  
  __end_of_I2C_Master_Read 06F1    __end_of_I2C_Master_Wait 06A9    __end_of_I2C_Master_Stop 0692  
         ___lldiv@quotient 0079          I2C_Master_Write@d 0070                _SSPCON2bits 0091  
